[debug] [2018-07-05T11:46:29.400Z] ----------------------------------------------------------------------
[debug] [2018-07-05T11:46:29.407Z] Command:       /home/ash/.nvm/versions/node/v8.11.2/bin/node /home/ash/.yarn/bin/firebase serve --only functions
[debug] [2018-07-05T11:46:29.407Z] CLI Version:   3.18.6
[debug] [2018-07-05T11:46:29.407Z] Platform:      linux
[debug] [2018-07-05T11:46:29.407Z] Node Version:  v8.11.2
[debug] [2018-07-05T11:46:29.408Z] Time:          Thu Jul 05 2018 06:46:29 GMT-0500 (CDT)
[debug] [2018-07-05T11:46:29.408Z] ----------------------------------------------------------------------
[debug] 
[debug] [2018-07-05T11:46:29.432Z] > command requires scopes: ["email","openid","https://www.googleapis.com/auth/cloudplatformprojects.readonly","https://www.googleapis.com/auth/firebase","https://www.googleapis.com/auth/cloud-platform"]
[debug] [2018-07-05T11:46:29.433Z] > authorizing via signed-in user
[debug] [2018-07-05T11:46:29.438Z] >>> HTTP REQUEST GET https://admin.firebase.com/v1/projects/opol7dev  
  
 Thu Jul 05 2018 06:46:29 GMT-0500 (CDT)
[debug] [2018-07-05T11:46:29.796Z] <<< HTTP RESPONSE 200
[debug] [2018-07-05T11:46:29.799Z] >>> HTTP REQUEST GET https://admin.firebase.com/v1/database/opol7dev/tokens  
  
 Thu Jul 05 2018 06:46:29 GMT-0500 (CDT)
[debug] [2018-07-05T11:46:30.082Z] <<< HTTP RESPONSE 200
[debug] [2018-07-05T11:46:30.084Z] >>> HTTP REQUEST GET https://cloudresourcemanager.googleapis.com/v1/projects/opol7dev  
  
 Thu Jul 05 2018 06:46:30 GMT-0500 (CDT)
[debug] [2018-07-05T11:46:30.248Z] <<< HTTP RESPONSE 200
[info] 
[info] === Serving from '/home/ash/Documents/pwatest'...
[info] 
[info] i  functions: Preparing to emulate functions.
[debug] [2018-07-05T11:46:31.853Z] Fetching environment
[debug] [2018-07-05T11:46:31.858Z] >>> HTTP REQUEST GET https://mobilesdk-pa.googleapis.com/v1/projects/1099037767188:getServerAppConfig  
  
 Thu Jul 05 2018 06:46:31 GMT-0500 (CDT)
[debug] [2018-07-05T11:46:32.326Z] <<< HTTP RESPONSE 200
[debug] [2018-07-05T11:46:32.329Z] Starting @google-cloud/functions-emulator
[debug] [2018-07-05T11:46:35.379Z] Parsing function triggers
[info] i  functions: No HTTPS functions found. Use firebase functions:shell if you would like to emulate other types of functions.
